c:\users\iulia\source\repos\karten\karten\debug\karten.pch
c:\users\iulia\source\repos\karten\karten\debug\vc141.pdb
c:\users\iulia\source\repos\karten\karten\debug\vc141.idb
c:\users\iulia\source\repos\karten\karten\debug\stdafx.obj
c:\users\iulia\source\repos\karten\karten\debug\joc.obj
c:\users\iulia\source\repos\karten\karten\debug\main.obj
c:\users\iulia\source\repos\karten\karten\debug\node.obj
c:\users\iulia\source\repos\karten\karten\debug\schlange.obj
c:\users\anamaria\desktop\karten\karten\debug\joc.obj
c:\users\anamaria\desktop\karten\karten\debug\main.obj
c:\users\anamaria\desktop\karten\karten\debug\node.obj
c:\users\anamaria\desktop\karten\karten\debug\schlange.obj
c:\users\anamaria\desktop\karten\karten\debug\stdafx.obj
c:\users\anamaria\desktop\karten\karten\debug\karten.pch
c:\users\anamaria\desktop\karten\karten\debug\vc141.idb
c:\users\anamaria\desktop\karten\karten\debug\vc141.pdb
c:\users\anamaria\desktop\karten\debug\karten.pdb
c:\users\anamaria\desktop\karten\karten\debug\karten.tlog\cl.command.1.tlog
c:\users\anamaria\desktop\karten\karten\debug\karten.tlog\cl.read.1.tlog
c:\users\anamaria\desktop\karten\karten\debug\karten.tlog\cl.write.1.tlog
c:\users\anamaria\desktop\karten\karten\debug\karten.tlog\link-cvtres.read.1.tlog
c:\users\anamaria\desktop\karten\karten\debug\karten.tlog\link-cvtres.write.1.tlog
c:\users\anamaria\desktop\karten\karten\debug\karten.tlog\link-rc.read.1.tlog
c:\users\anamaria\desktop\karten\karten\debug\karten.tlog\link-rc.write.1.tlog
c:\users\anamaria\desktop\karten\karten\debug\karten.tlog\link.command.1.tlog
c:\users\anamaria\desktop\karten\karten\debug\karten.tlog\link.read.1.tlog
c:\users\anamaria\desktop\karten\karten\debug\karten.tlog\link.write.1.tlog
